{
  "stats": {
    "suites": 1,
    "tests": 1,
    "passes": 1,
    "pending": 0,
    "failures": 0,
    "start": "2023-02-01T13:29:32.818Z",
    "end": "2023-02-01T13:29:43.191Z",
    "duration": 10373,
    "testsRegistered": 1,
    "passPercent": 100,
    "pendingPercent": 0,
    "other": 0,
    "hasOther": false,
    "skipped": 0,
    "hasSkipped": false
  },
  "results": [
    {
      "uuid": "91a09d8a-078f-4a24-bdbe-be1fc361ecab",
      "title": "",
      "fullFile": "cypress\\integration\\examples\\TestFramework_spec.js",
      "file": "cypress\\integration\\examples\\TestFramework_spec.js",
      "beforeHooks": [],
      "afterHooks": [],
      "tests": [],
      "suites": [
        {
          "uuid": "995df92b-ac46-423a-8e5c-d3850d7fe7d6",
          "title": "Ent to End flow",
          "fullFile": "",
          "file": "",
          "beforeHooks": [],
          "afterHooks": [],
          "tests": [
            {
              "title": "Add product to cart and check out",
              "fullTitle": "Ent to End flow Add product to cart and check out",
              "timedOut": null,
              "duration": 8425,
              "state": "passed",
              "speed": "medium",
              "pass": true,
              "fail": false,
              "pending": false,
              "context": null,
              "code": "const homepage = new _HomePage.default();\nconst productpage = new _ProductPage.default();\nconst locationpage = new _DeliveryLocation.default();\nconst baseURI = Cypress.env('url');\ncy.visit(baseURI + \"/angularpractice/\");\nhomepage.getEditNameBoc().type(this.data.name);\n//cy.get(\"input[name='name']:nth-child(2)\").type(this.data.name);\nhomepage.getGender().select(this.data.gender);\ncy.get(\"input[name='name']:nth-child(2)\").should('have.attr', 'minlength', '2');\ncy.get(\"input[name='name']:nth-child(2)\").should('have.value', this.data.name);\nhomepage.getEnterpreneurRadioButton().should('be.disabled');\nhomepage.getShopButton().click();\nthis.data.products.forEach(function (item) {\n  cy.selectProduct(item);\n});\nCypress.config('defaultCommandTimeout', 10000);\nproductpage.getCheckoutButton().click();\nvar sum = 0;\nvar finalPrice = 0;\ncy.get(\"tr td:nth-child(4) strong\").each(($element, index, $list) => {\n  const price = $element.text();\n  var res = price.split(\" \");\n  res = res[1].trim();\n  sum = sum + Number(res);\n}).then(function () {\n  cy.log(sum);\n});\ncy.get(\"h3 strong\").then(function (amount) {\n  var result = amount.text();\n  var finalPrice = result.split(\" \");\n  finalPrice = finalPrice[1].trim();\n  finalPrice = Number(finalPrice);\n  cy.log(\"Final Price \" + finalPrice);\n  expect(sum).to.equal(finalPrice);\n});\ncy.get(\"button[class='btn btn-success']\").click();\nlocationpage.getDeliveryLocation().type(\"India\");\ncy.get('.suggestions > ul > li > a').click();\nlocationpage.getAgreeTermsAndConditions().click({\n  force: true\n});\ncy.get('.ng-untouched > .btn').click(); // click on Purchase\ncy.get('.alert').then(function (element) {\n  const actualText = element.text();\n  expect(actualText.includes('Success')).to.be.true;\n});",
              "err": {},
              "uuid": "c1805b8f-6fc1-4673-9bae-293e01f2cfaf",
              "parentUUID": "995df92b-ac46-423a-8e5c-d3850d7fe7d6",
              "isHook": false,
              "skipped": false
            }
          ],
          "suites": [],
          "passes": [
            "c1805b8f-6fc1-4673-9bae-293e01f2cfaf"
          ],
          "failures": [],
          "pending": [],
          "skipped": [],
          "duration": 8425,
          "root": false,
          "rootEmpty": false,
          "_timeout": 2000
        }
      ],
      "passes": [],
      "failures": [],
      "pending": [],
      "skipped": [],
      "duration": 0,
      "root": true,
      "rootEmpty": true,
      "_timeout": 2000
    }
  ],
  "meta": {
    "mocha": {
      "version": "7.0.1"
    },
    "mochawesome": {
      "options": {
        "quiet": false,
        "reportFilename": "mochawesome",
        "saveHtml": true,
        "saveJson": true,
        "consoleReporter": "spec",
        "useInlineDiffs": false,
        "code": true
      },
      "version": "7.1.3"
    },
    "marge": {
      "options": {
        "charts": true,
        "reportPageTitle": "custom-title",
        "embeddedScreenshots": true,
        "inlineAssets": true,
        "saveAllAttempts": false
      },
      "version": "6.2.0"
    }
  }
}